<?xml version="1.0" encoding="UTF-8"?>
<testsuite xmlns:xsi="http://www.w3.org/2001/XMLSchema-instance" xsi:noNamespaceSchemaLocation="https://maven.apache.org/surefire/maven-surefire-plugin/xsd/surefire-test-report.xsd" name="ar.edu.unlp.objectos.uno.ejercicio6_GenealogiaSalvaje.MamiferoTest" time="0.224" tests="10" errors="2" skipped="0" failures="0">
  <properties>
[...]
</properties>
  <testcase name="testEspecie" classname="ar.edu.unlp.objectos.uno.ejercicio6_GenealogiaSalvaje.MamiferoTest" time="0.068"/>
  <testcase name="testIdentificador" classname="ar.edu.unlp.objectos.uno.ejercicio6_GenealogiaSalvaje.MamiferoTest" time="0.001"/>
  <testcase name="testAbuelaMaterna" classname="ar.edu.unlp.objectos.uno.ejercicio6_GenealogiaSalvaje.MamiferoTest" time="0.003"/>
  <testcase name="testMadre" classname="ar.edu.unlp.objectos.uno.ejercicio6_GenealogiaSalvaje.MamiferoTest" time="0.003"/>
  <testcase name="testPadre" classname="ar.edu.unlp.objectos.uno.ejercicio6_GenealogiaSalvaje.MamiferoTest" time="0.002"/>
  <testcase name="testAbueloPaterno" classname="ar.edu.unlp.objectos.uno.ejercicio6_GenealogiaSalvaje.MamiferoTest" time="0.002"/>
  <testcase name="testTieneComoAncestroA" classname="ar.edu.unlp.objectos.uno.ejercicio6_GenealogiaSalvaje.MamiferoTest" time="0.015">
    <error type="java.lang.NullPointerException">java.lang.NullPointerException
	at ar.edu.unlp.objectos.uno.ejercicio6_GenealogiaSalvaje.MamiferoTest.testTieneComoAncestroA(MamiferoTest.java:98)
</error>
  </testcase>
  <testcase name="testAbuelaPaterna" classname="ar.edu.unlp.objectos.uno.ejercicio6_GenealogiaSalvaje.MamiferoTest" time="0.002"/>
  <testcase name="testAbueloMaterno" classname="ar.edu.unlp.objectos.uno.ejercicio6_GenealogiaSalvaje.MamiferoTest" time="0.002"/>
  <testcase name="testTieneComoAncestroAsimetrico" classname="ar.edu.unlp.objectos.uno.ejercicio6_GenealogiaSalvaje.MamiferoTest" time="0.009">
    <error type="java.lang.NullPointerException">java.lang.NullPointerException
	at ar.edu.unlp.objectos.uno.ejercicio6_GenealogiaSalvaje.MamiferoTest.testTieneComoAncestroAsimetrico(MamiferoTest.java:122)
</error>
  </testcase>
</testsuite>